<?xml version="1.0" encoding="UTF-8"?>
<robot generator="Robot 4.1.1 (Python 3.9.7 on win32)" generated="20210917 17:51:56.399" rpa="false" schemaversion="2">
<suite id="s1" name="Test" source="C:\Projects\Python\WatchUI\tests\test.robot">
<test id="s1-t1" name="Test title">
<kw name="Check Image">
<kw name="Compare Image" library="WatchUI">
<arg>../Tesena/img.jpg</arg>
<arg>../Tesena/img.jpg</arg>
<doc>Comparing images</doc>
<msg timestamp="20210917 17:51:58.585" level="INFO" html="true">Image was saved to your output folder &lt;/p&gt;&lt;img src='../Outputs/Img1631893918.4113479.png'/&gt;</msg>
<status status="PASS" starttime="20210917 17:51:57.352" endtime="20210917 17:51:58.595"/>
</kw>
<status status="PASS" starttime="20210917 17:51:57.351" endtime="20210917 17:51:58.598"/>
</kw>
<kw name="Check compare screen without areas">
<kw name="Compare Screen Without Areas" library="WatchUI">
<arg>../Tesena/img.jpg</arg>
<arg>../Tesena/img.jpg</arg>
<arg>0</arg>
<arg>0</arg>
<arg>100</arg>
<arg>100</arg>
<doc>Compares two pictures, which have parts to be ignored
x1 and y1 = x and y coordinates for the upper left corner of the ignored area square
x2 and y2 = x and y coordinates for the lower right corner of the square of the ignored part</doc>
<msg timestamp="20210917 17:51:58.680" level="INFO">('0', '0', '100', '100')</msg>
<msg timestamp="20210917 17:51:59.750" level="INFO" html="true">Image was saved to your output folder &lt;/p&gt;&lt;img src='../Outputs/Img1631893919.6063473.png'/&gt;</msg>
<status status="PASS" starttime="20210917 17:51:58.601" endtime="20210917 17:51:59.755"/>
</kw>
<status status="PASS" starttime="20210917 17:51:58.600" endtime="20210917 17:51:59.756"/>
</kw>
<kw name="Create Crop Image">
<kw name="Crop Image" library="WatchUI">
<arg>../Tesena/img.jpg</arg>
<arg>10</arg>
<arg>10</arg>
<arg>20</arg>
<arg>20</arg>
<msg timestamp="20210917 17:51:59.801" level="INFO" html="true">Image was saved to your output folder &lt;/p&gt;&lt;img src='../Outputs/Img1631893919.8003504.png'/&gt;</msg>
<status status="PASS" starttime="20210917 17:51:59.757" endtime="20210917 17:51:59.804"/>
</kw>
<status status="PASS" starttime="20210917 17:51:59.757" endtime="20210917 17:51:59.804"/>
</kw>
<kw name="Rotate Image for fun">
<kw name="Rotate Image" library="WatchUI">
<arg>../Tesena/img.jpg</arg>
<arg>rotate=1</arg>
<doc>path = Path to the image, which we wanna rotate.
rotate = How we want to rotate the image. 0 = 90degrees Clockwise, 1 = 90degrees Counter clockwise,
2= 180degrees
number_page = PDF page number, which we change into image.</doc>
<status status="PASS" starttime="20210917 17:51:59.805" endtime="20210917 17:51:59.978"/>
</kw>
<status status="PASS" starttime="20210917 17:51:59.805" endtime="20210917 17:51:59.978"/>
</kw>
<kw name="PDF convert to Image">
<kw name="Pdf To Image" library="WatchUI">
<arg>../Tesena/ok.pdf</arg>
<doc>Change PDF to Image.</doc>
<msg timestamp="20210917 17:52:00.094" level="INFO" html="true">Image was saved to your output folder &lt;/p&gt;&lt;img src='../Outputs/pdf_screen_0.png'/&gt;</msg>
<msg timestamp="20210917 17:52:00.121" level="INFO" html="true">Image was saved to your output folder &lt;/p&gt;&lt;img src='../Outputs/pdf_screen_1.png'/&gt;</msg>
<msg timestamp="20210917 17:52:00.148" level="INFO" html="true">Image was saved to your output folder &lt;/p&gt;&lt;img src='../Outputs/pdf_screen_2.png'/&gt;</msg>
<msg timestamp="20210917 17:52:00.175" level="INFO" html="true">Image was saved to your output folder &lt;/p&gt;&lt;img src='../Outputs/pdf_screen_3.png'/&gt;</msg>
<msg timestamp="20210917 17:52:00.206" level="INFO" html="true">Image was saved to your output folder &lt;/p&gt;&lt;img src='../Outputs/pdf_screen_4.png'/&gt;</msg>
<msg timestamp="20210917 17:52:00.231" level="INFO" html="true">Image was saved to your output folder &lt;/p&gt;&lt;img src='../Outputs/pdf_screen_5.png'/&gt;</msg>
<msg timestamp="20210917 17:52:00.256" level="INFO" html="true">Image was saved to your output folder &lt;/p&gt;&lt;img src='../Outputs/pdf_screen_6.png'/&gt;</msg>
<msg timestamp="20210917 17:52:00.286" level="INFO" html="true">Image was saved to your output folder &lt;/p&gt;&lt;img src='../Outputs/pdf_screen_7.png'/&gt;</msg>
<status status="PASS" starttime="20210917 17:51:59.979" endtime="20210917 17:52:00.288"/>
</kw>
<status status="PASS" starttime="20210917 17:51:59.979" endtime="20210917 17:52:00.288"/>
</kw>
<kw name="Get text from some area">
<kw name="Return Text From Area" library="WatchUI">
<var>${Text_from_area}</var>
<arg>../Tesena/ok.pdf</arg>
<arg>0</arg>
<arg>50</arg>
<arg>60</arg>
<arg>190</arg>
<arg>90</arg>
<doc>Return text from area. It doesnt use tesseract, so its can be used on normally pdf or without installed
tesseract
path = Path to pdf
page_number = PDF page number where we wanna search for text
x1, y1, x2, y2 = coordinates where text is</doc>
<msg timestamp="20210917 17:52:00.306" level="INFO">${Text_from_area} = Územnímu pracovišti v, ve, pro </msg>
<status status="PASS" starttime="20210917 17:52:00.289" endtime="20210917 17:52:00.306"/>
</kw>
<kw name="Log To Console" library="BuiltIn">
<arg>${Text_from_area}</arg>
<doc>Logs the given message to the console.</doc>
<status status="PASS" starttime="20210917 17:52:00.306" endtime="20210917 17:52:00.308"/>
</kw>
<status status="PASS" starttime="20210917 17:52:00.289" endtime="20210917 17:52:00.309"/>
</kw>
<kw name="Check if text exists">
<kw name="Should Exist This Text" library="WatchUI">
<arg>../Tesena/ok.pdf</arg>
<arg>0</arg>
<arg>Důvody</arg>
<doc>Returns True if &lt;text&gt; is found in page
path = Path to pdf
page_number = PDF page number where we wanna check text
text = Text which we search</doc>
<status status="PASS" starttime="20210917 17:52:00.311" endtime="20210917 17:52:00.325"/>
</kw>
<status status="PASS" starttime="20210917 17:52:00.310" endtime="20210917 17:52:00.326"/>
</kw>
<kw name="Get text from image">
<kw name="Image To String" library="WatchUI">
<var>${var}</var>
<arg>../Tesena/img.jpg</arg>
<doc>Keyword for reading text from image. For proper functionality you must install tesseract-ocr.</doc>
<msg timestamp="20210917 17:52:02.790" level="INFO">${var} = Jan Egermaier | T ¢ ,)

SharePoint Jan Egermaier | T.. ¢ ,) SharePoint

 

    

Intranet Delivery \y _— Product Development = Management Training Centre \y —- Operations \” ~—_ Business Development \...</msg>
<status status="PASS" starttime="20210917 17:52:00.327" endtime="20210917 17:52:02.790"/>
</kw>
<kw name="Log To Console" library="BuiltIn">
<arg>${var}</arg>
<doc>Logs the given message to the console.</doc>
<status status="PASS" starttime="20210917 17:52:02.791" endtime="20210917 17:52:02.794"/>
</kw>
<status status="PASS" starttime="20210917 17:52:00.326" endtime="20210917 17:52:02.794"/>
</kw>
<kw name="Get Image area on text">
<kw name="Image Area On Text" library="WatchUI">
<var>${var}</var>
<arg>../Tesena/img.jpg</arg>
<arg>0</arg>
<arg>0</arg>
<arg>380</arg>
<arg>380</arg>
<doc>Keyword for reading text from image. For proper functionality you must install tesseract-ocr.</doc>
<msg timestamp="20210917 17:52:02.839" level="INFO">('0', '0', '380', '380')</msg>
<msg timestamp="20210917 17:52:03.093" level="INFO">${var} =  
Intranet Delivery \y Product De
CT
iy) Intranet
LJ
2 Search this site +
INTRANET HOME</msg>
<status status="PASS" starttime="20210917 17:52:02.797" endtime="20210917 17:52:03.093"/>
</kw>
<kw name="Log To Console" library="BuiltIn">
<arg>${var}</arg>
<doc>Logs the given message to the console.</doc>
<status status="PASS" starttime="20210917 17:52:03.093" endtime="20210917 17:52:03.093"/>
</kw>
<status status="PASS" starttime="20210917 17:52:02.796" endtime="20210917 17:52:03.094"/>
</kw>
<tag>DEBUG</tag>
<status status="PASS" starttime="20210917 17:51:57.351" endtime="20210917 17:52:03.094"/>
</test>
<doc>Suite description</doc>
<status status="PASS" starttime="20210917 17:51:56.400" endtime="20210917 17:52:03.096"/>
</suite>
<statistics>
<total>
<stat pass="1" fail="0" skip="0">All Tests</stat>
</total>
<tag>
<stat pass="1" fail="0" skip="0">DEBUG</stat>
</tag>
<suite>
<stat pass="1" fail="0" skip="0" id="s1" name="Test">Test</stat>
</suite>
</statistics>
<errors>
</errors>
</robot>
