<?xml version="1.0" encoding="UTF-8"?>
<robot generator="Robot 4.1.1 (Python 3.9.7 on win32)" generated="20210916 15:46:29.407" rpa="false" schemaversion="2">
<suite id="s1" name="Test" source="C:\Projects\Python\WatchUI\tests\test.robot">
<test id="s1-t1" name="Test title">
<kw name="Get Image area on text">
<kw name="Image Area On Text" library="WatchUI">
<var>${var}</var>
<arg>../Tesena/img.jpg</arg>
<arg>0</arg>
<arg>0</arg>
<arg>380</arg>
<arg>380</arg>
<msg timestamp="20210916 15:46:30.359" level="INFO">${var} =  
Intranet Delivery \y Product De
CT
iy) Intranet
LJ
2 Search this site +
INTRANET HOME</msg>
<status status="PASS" starttime="20210916 15:46:30.067" endtime="20210916 15:46:30.359"/>
</kw>
<kw name="Log To Console" library="BuiltIn">
<arg>${var}</arg>
<doc>Logs the given message to the console.</doc>
<status status="PASS" starttime="20210916 15:46:30.359" endtime="20210916 15:46:30.360"/>
</kw>
<status status="PASS" starttime="20210916 15:46:30.066" endtime="20210916 15:46:30.360"/>
</kw>
<tag>DEBUG</tag>
<status status="PASS" starttime="20210916 15:46:30.066" endtime="20210916 15:46:30.360"/>
</test>
<doc>Suite description</doc>
<status status="PASS" starttime="20210916 15:46:29.409" endtime="20210916 15:46:30.362"/>
</suite>
<statistics>
<total>
<stat pass="1" fail="0" skip="0">All Tests</stat>
</total>
<tag>
<stat pass="1" fail="0" skip="0">DEBUG</stat>
</tag>
<suite>
<stat pass="1" fail="0" skip="0" id="s1" name="Test">Test</stat>
</suite>
</statistics>
<errors>
</errors>
</robot>
