<?xml version="1.0" encoding="UTF-8"?>
<robot generator="Robot 3.1.2 (Python 3.8.1 on win32)" generated="20200319 11:44:12.016" rpa="false">
<suite id="s1" name="Test" source="C:\Users\honzik\PycharmProjects\WatchUI\Robot framework\test.robot">
<test id="s1-t1" name="Test">
<kw name="Making rescreens">
<kw name="Open Browser" library="SeleniumLibrary">
<doc>Opens a new browser instance to the given ``url``.</doc>
<arguments>
<arg>${start_url}</arg>
<arg>${browser}</arg>
</arguments>
<msg timestamp="20200319 11:44:12.667" level="INFO">Opening browser 'Chrome' to base url 'https://www.alza.cz/'.</msg>
<status status="PASS" starttime="20200319 11:44:12.667" endtime="20200319 11:44:20.692"></status>
</kw>
<kw name="Create Screens" library="WatchUI">
<doc>Creates a screenshot on the screen</doc>
<arguments>
<arg>800</arg>
<arg>600</arg>
<arg>1280</arg>
<arg>800</arg>
<arg>1440</arg>
<arg>900</arg>
<arg>screen_name=Alza</arg>
</arguments>
<msg timestamp="20200319 11:44:28.114" level="INFO" html="yes">&lt;/td&gt;&lt;/tr&gt;&lt;tr&gt;&lt;td colspan="3"&gt;&lt;a href="../Create_screens/Alza800x600.png"&gt;&lt;img src="../Create_screens/Alza800x600.png" width="800px"&gt;&lt;/a&gt;</msg>
<msg timestamp="20200319 11:44:29.586" level="INFO" html="yes">&lt;/td&gt;&lt;/tr&gt;&lt;tr&gt;&lt;td colspan="3"&gt;&lt;a href="../Create_screens/Alza1280x800.png"&gt;&lt;img src="../Create_screens/Alza1280x800.png" width="800px"&gt;&lt;/a&gt;</msg>
<msg timestamp="20200319 11:44:31.061" level="INFO" html="yes">&lt;/td&gt;&lt;/tr&gt;&lt;tr&gt;&lt;td colspan="3"&gt;&lt;a href="../Create_screens/Alza1440x900.png"&gt;&lt;img src="../Create_screens/Alza1440x900.png" width="800px"&gt;&lt;/a&gt;</msg>
<msg timestamp="20200319 11:44:31.061" level="INFO">Folder ../Create_screens exists</msg>
<status status="PASS" starttime="20200319 11:44:20.692" endtime="20200319 11:44:31.062"></status>
</kw>
<status status="PASS" starttime="20200319 11:44:12.666" endtime="20200319 11:44:31.062"></status>
</kw>
<status status="PASS" starttime="20200319 11:44:12.666" endtime="20200319 11:44:31.062" critical="yes"></status>
</test>
<doc>Suite description</doc>
<status status="PASS" starttime="20200319 11:44:12.017" endtime="20200319 11:44:31.064"></status>
</suite>
<statistics>
<total>
<stat pass="1" fail="0">Critical Tests</stat>
<stat pass="1" fail="0">All Tests</stat>
</total>
<tag>
</tag>
<suite>
<stat pass="1" fail="0" id="s1" name="Test">Test</stat>
</suite>
</statistics>
<errors>
</errors>
</robot>
